378.692261955				10			[15, 4, 9, 14, 3, 29, 19, 34, 9, 14, 7, 19, 18, 7, 34]
378.692261493				13			[8, 5, 18, 25, 14, 23, 34, 24, 7, 8, 26, 15, 28, 26, 16]
378.692261621				12			[29, 15, 11, 14, 6, 19, 17, 34, 4, 11, 3, 24, 6, 14, 22]
378.692261493				13			[2, 5, 9, 13, 3, 4, 24, 34, 29, 17, 28, 24, 7, 14, 3]
378.692261955				10			[29, 4, 17, 24, 26, 29, 27, 21, 27, 15, 7, 21, 13, 15, 13]
378.692261493				13			[29, 4, 15, 27, 3, 19, 21, 7, 32, 24, 34, 21, 13, 15, 26]
378.692262177				9			[3, 29, 11, 13, 4, 19, 21, 21, 4, 17, 11, 21, 13, 15, 3]
378.692261383				14			[29, 4, 5, 13, 26, 29, 17, 8, 32, 24, 22, 19, 28, 14, 25]
378.692261621				12			[3, 3, 18, 13, 17, 4, 27, 21, 4, 11, 26, 24, 28, 15, 3]
378.692261493				13			[29, 5, 13, 18, 26, 29, 8, 17, 7, 24, 22, 24, 28, 15, 19]
378.692261955				10			[13, 4, 4, 22, 4, 6, 28, 13, 32, 24, 15, 24, 19, 22, 3]
378.692249282				11			[3, 4, 24, 29, 26, 6, 1, 21, 4, 6, 3, 19, 28, 15, 6]
378.692261955				10			[3, 4, 4, 13, 17, 19, 19, 17, 32, 24, 6, 6, 26, 15, 3]
378.692261773				11			[3, 18, 11, 17, 13, 6, 27, 13, 32, 24, 13, 24, 28, 26, 3]
378.692261621				12			[3, 18, 21, 17, 26, 29, 27, 29, 29, 11, 13, 19, 19, 22, 34]
378.692262455				8			[26, 17, 11, 17, 3, 4, 3, 29, 29, 11, 6, 17, 28, 4, 3]
378.692261773				11			[4, 29, 27, 17, 26, 4, 24, 21, 32, 3, 17, 22, 28, 32, 27]
378.692261621				12			[3, 4, 21, 17, 6, 4, 3, 15, 19, 19, 11, 24, 28, 29, 27]
378.692262177				9			[17, 29, 3, 17, 26, 29, 11, 21, 21, 24, 29, 3, 19, 24, 27]
378.692262455				8			[3, 29, 3, 15, 4, 29, 3, 3, 29, 24, 11, 22, 24, 17, 3]
378.692263288				6			[17, 3, 21, 21, 3, 29, 21, 29, 11, 24, 11, 24, 24, 17, 3]
378.692262177				9			[17, 29, 27, 15, 3, 3, 17, 29, 29, 28, 29, 22, 24, 26, 17]
378.692262455				8			[3, 29, 21, 17, 26, 17, 3, 15, 17, 17, 28, 24, 24, 3, 24]
378.692262812				7			[17, 3, 3, 3, 3, 29, 21, 17, 19, 11, 24, 3, 21, 17, 3]
378.692262812				7			[17, 3, 24, 3, 3, 3, 21, 17, 19, 11, 17, 3, 24, 29, 24]
378.692262455				8			[29, 24, 27, 17, 4, 17, 29, 21, 17, 3, 17, 26, 3, 29, 24]
378.692262812				7			[3, 29, 27, 29, 24, 29, 3, 15, 17, 24, 17, 26, 3, 24, 29]
378.692262812				7			[17, 17, 27, 17, 3, 29, 3, 17, 17, 24, 21, 26, 3, 29, 24]
378.692262812				7			[3, 29, 17, 24, 17, 3, 21, 15, 19, 29, 17, 24, 3, 24, 3]
378.692262455				8			[3, 17, 17, 29, 26, 29, 21, 15, 19, 3, 3, 29, 3, 17, 24]
378.692262812				7			[3, 29, 17, 3, 17, 3, 17, 15, 19, 29, 3, 26, 3, 17, 24]
378.692262455				8			[27, 24, 17, 29, 26, 26, 21, 24, 19, 21, 17, 3, 3, 17, 24]
378.692262812				7			[3, 29, 24, 29, 26, 29, 17, 15, 19, 29, 3, 26, 3, 26, 17]
378.692262455				8			[17, 29, 15, 26, 3, 3, 21, 3, 29, 3, 17, 26, 19, 24, 3]
378.692262812				7			[24, 3, 15, 3, 26, 3, 17, 3, 19, 3, 17, 29, 3, 24, 17]
378.692263288				6			[17, 17, 17, 3, 26, 17, 17, 24, 17, 17, 21, 17, 3, 29, 24]
378.692263288				6			[17, 21, 15, 26, 3, 3, 15, 17, 17, 17, 17, 17, 3, 17, 24]
378.692262812				7			[3, 15, 24, 17, 19, 29, 29, 3, 26, 3, 3, 3, 29, 3, 17]
378.692262455				8			[17, 17, 15, 26, 26, 17, 21, 3, 21, 3, 17, 19, 29, 26, 24]
378.692264955				4			[29, 3, 3, 3, 26, 3, 3, 3, 3, 3, 29, 3, 29, 17, 17]
378.692262812				7			[17, 24, 17, 17, 26, 3, 21, 3, 17, 17, 15, 17, 21, 19, 24]
378.692263955				5			[29, 29, 29, 3, 26, 3, 3, 3, 3, 3, 24, 3, 3, 17, 26]
378.692263288				6			[29, 15, 3, 3, 3, 3, 29, 3, 26, 3, 29, 3, 29, 17, 24]
378.692262812				7			[17, 3, 3, 3, 26, 17, 3, 21, 17, 17, 29, 17, 21, 19, 24]
378.692263288				6			[17, 29, 3, 3, 17, 17, 3, 26, 24, 17, 29, 26, 21, 17, 3]
378.692263288				6			[3, 29, 3, 17, 17, 17, 21, 3, 17, 17, 29, 17, 21, 19, 24]
378.692262812				7			[17, 17, 3, 26, 26, 17, 3, 3, 24, 17, 29, 26, 3, 19, 21]
378.692263955				5			[3, 29, 26, 3, 17, 29, 26, 3, 24, 17, 29, 3, 3, 17, 3]
378.692263288				6			[17, 17, 3, 29, 26, 26, 3, 3, 24, 17, 26, 17, 3, 17, 21]
378.692263955				5			[3, 17, 26, 3, 26, 24, 3, 3, 29, 17, 29, 3, 17, 17, 3]
378.692262812				7			[3, 29, 15, 24, 21, 29, 3, 3, 24, 26, 29, 3, 3, 17, 17]
378.692262812				7			[17, 17, 15, 21, 21, 29, 24, 3, 17, 24, 21, 17, 3, 19, 17]
378.692263955				5			[3, 17, 3, 29, 3, 3, 24, 17, 3, 17, 29, 26, 17, 17, 3]
378.692262812				7			[21, 17, 15, 24, 19, 19, 26, 3, 3, 17, 26, 26, 21, 3, 24]
378.692263955				5			[3, 3, 29, 3, 29, 17, 26, 29, 29, 21, 26, 29, 21, 29, 26]
378.692262812				7			[24, 17, 15, 21, 3, 26, 24, 3, 3, 24, 29, 3, 21, 17, 26]
378.692263955				5			[24, 17, 15, 24, 29, 17, 3, 3, 3, 3, 29, 17, 17, 3, 24]
378.692262455				8			[24, 17, 15, 21, 19, 29, 3, 29, 3, 17, 29, 3, 3, 3, 26]
378.692262812				7			[3, 3, 29, 21, 3, 17, 29, 24, 29, 17, 15, 29, 26, 24, 3]
378.692263288				6			[29, 29, 29, 24, 3, 21, 26, 17, 3, 17, 26, 26, 3, 17, 26]
378.692262812				7			[24, 3, 15, 26, 3, 21, 24, 29, 3, 3, 26, 17, 26, 17, 17]
378.692263288				6			[24, 3, 19, 26, 26, 17, 24, 24, 17, 17, 21, 17, 3, 3, 17]
378.692263288				6			[24, 17, 19, 26, 17, 17, 24, 21, 3, 24, 21, 17, 26, 17, 24]
378.692263955				5			[24, 17, 26, 3, 17, 17, 29, 24, 3, 17, 26, 17, 3, 17, 17]
378.692262812				7			[29, 3, 29, 29, 26, 24, 24, 29, 24, 24, 21, 17, 29, 15, 3]
378.692263288				6			[24, 17, 26, 17, 26, 17, 29, 17, 3, 17, 19, 17, 17, 3, 17]
378.692263288				6			[24, 24, 26, 3, 26, 17, 29, 21, 3, 17, 3, 17, 3, 17, 17]
378.692263955				5			[29, 3, 29, 3, 17, 17, 3, 24, 29, 19, 29, 17, 17, 17, 3]
378.692262812				7			[24, 3, 24, 3, 26, 17, 3, 3, 3, 15, 19, 24, 29, 29, 17]
378.692263955				5			[3, 3, 24, 3, 29, 17, 3, 24, 29, 15, 3, 24, 3, 29, 29]
378.692263955				5			[24, 3, 26, 3, 26, 17, 29, 24, 3, 17, 3, 24, 3, 29, 17]
378.692263955				5			[24, 3, 29, 17, 19, 29, 3, 3, 17, 29, 29, 24, 17, 17, 17]
378.692263288				6			[3, 29, 3, 3, 26, 17, 3, 15, 29, 17, 3, 24, 3, 17, 17]
378.692263288				6			[24, 17, 24, 17, 19, 29, 17, 17, 24, 29, 26, 3, 17, 17, 17]
378.692263955				5			[24, 17, 24, 3, 29, 17, 26, 17, 29, 24, 3, 3, 3, 17, 17]
378.692264955				4			[24, 29, 29, 29, 19, 17, 17, 24, 29, 24, 24, 17, 17, 17, 17]
378.692263955				5			[24, 29, 3, 17, 29, 29, 29, 24, 29, 26, 17, 24, 29, 29, 17]
378.692263955				5			[24, 3, 3, 17, 19, 29, 3, 3, 3, 17, 3, 3, 3, 17, 29]
378.692266621				3			[17, 3, 3, 3, 17, 29, 29, 3, 3, 17, 3, 3, 3, 17, 29]
378.692264955				4			[17, 3, 24, 17, 24, 17, 3, 24, 3, 17, 29, 17, 29, 3, 17]
378.692263955				5			[24, 3, 24, 3, 19, 3, 3, 3, 3, 29, 17, 17, 29, 17, 24]
378.692264955				4			[24, 24, 3, 24, 3, 17, 29, 17, 17, 17, 29, 17, 29, 3, 17]
378.692263955				5			[3, 3, 17, 17, 17, 3, 3, 3, 26, 24, 29, 17, 3, 17, 3]
378.692263955				5			[29, 3, 3, 26, 17, 17, 3, 3, 3, 24, 17, 24, 3, 17, 3]
378.692264955				4			[3, 3, 17, 29, 3, 3, 3, 3, 3, 24, 29, 17, 3, 17, 3]
378.692263288				6			[17, 3, 17, 29, 19, 3, 17, 17, 26, 3, 29, 17, 17, 17, 24]
378.692264955				4			[29, 17, 3, 24, 17, 3, 29, 3, 3, 17, 3, 29, 24, 3, 24]
378.692263955				5			[3, 17, 29, 3, 3, 3, 3, 24, 3, 24, 29, 17, 3, 19, 17]
378.692264955				4			[3, 3, 17, 29, 17, 29, 3, 17, 3, 24, 3, 3, 29, 29, 24]
378.692264955				4			[3, 3, 17, 3, 17, 3, 29, 3, 3, 24, 17, 3, 3, 3, 24]
378.692264955				4			[3, 17, 17, 17, 17, 3, 3, 17, 3, 17, 24, 3, 29, 3, 24]
378.692264955				4			[3, 3, 29, 3, 17, 3, 29, 17, 24, 3, 3, 3, 29, 3, 24]
378.692264955				4			[3, 17, 29, 3, 24, 3, 29, 17, 3, 24, 3, 3, 29, 3, 24]
378.692263955				5			[19, 17, 29, 3, 24, 24, 3, 3, 3, 17, 3, 3, 29, 3, 24]
378.692264955				4			[3, 3, 29, 3, 29, 3, 3, 24, 3, 24, 24, 17, 24, 24, 24]
378.692264955				4			[3, 3, 17, 29, 29, 17, 29, 17, 3, 24, 24, 3, 29, 3, 3]
378.692266621				3			[3, 3, 24, 17, 24, 17, 3, 24, 3, 24, 24, 17, 3, 24, 24]
378.692264955				4			[3, 3, 24, 3, 3, 17, 24, 24, 3, 24, 24, 17, 24, 24, 29]
378.692264955				4			[17, 3, 3, 3, 29, 24, 17, 3, 3, 3, 17, 3, 29, 17, 17]
378.692266621				3			[3, 17, 24, 3, 24, 17, 24, 24, 3, 24, 3, 3, 3, 24, 17]
378.692264955				4			[3, 3, 3, 17, 29, 24, 29, 17, 3, 24, 3, 17, 29, 17, 17]
378.692264955				4			[29, 3, 24, 17, 24, 17, 24, 24, 3, 24, 24, 24, 24, 29, 24]
378.692264955				4			[3, 3, 3, 3, 3, 17, 29, 24, 3, 3, 17, 17, 29, 29, 17]
378.692264955				4			[3, 3, 3, 3, 3, 17, 29, 24, 3, 24, 17, 29, 29, 24, 17]
378.692264955				4			[3, 24, 3, 17, 3, 17, 3, 17, 3, 3, 17, 3, 24, 17, 29]
378.692264955				4			[3, 3, 24, 3, 17, 24, 3, 17, 3, 24, 17, 3, 3, 29, 24]
378.692266621				3			[3, 3, 24, 17, 17, 17, 3, 17, 3, 3, 17, 17, 3, 17, 17]
378.692266621				3			[3, 3, 3, 17, 3, 17, 24, 24, 3, 3, 17, 17, 3, 17, 17]
378.692266621				3			[3, 3, 24, 3, 3, 17, 24, 17, 3, 17, 17, 3, 3, 17, 17]
378.692266621				3			[17, 3, 3, 3, 3, 3, 24, 24, 3, 3, 17, 3, 3, 3, 17]
378.692266621				3			[17, 3, 29, 3, 17, 3, 29, 17, 3, 17, 3, 3, 17, 29, 17]
378.692266621				3			[3, 3, 29, 3, 3, 3, 29, 17, 17, 3, 17, 3, 3, 29, 17]
378.692264955				4			[17, 3, 24, 17, 3, 3, 24, 24, 24, 24, 17, 3, 3, 29, 3]
378.692264955				4			[17, 17, 3, 17, 17, 29, 24, 17, 3, 29, 17, 3, 3, 3, 24]
378.692264955				4			[17, 3, 3, 17, 3, 3, 24, 24, 3, 3, 29, 3, 3, 29, 24]
378.692264955				4			[29, 3, 24, 3, 17, 17, 24, 17, 17, 3, 17, 17, 17, 3, 3]
378.692264955				4			[3, 17, 24, 3, 24, 24, 29, 17, 17, 24, 17, 3, 3, 24, 3]
378.692264955				4			[29, 17, 24, 17, 3, 17, 3, 29, 24, 3, 3, 3, 3, 17, 24]
378.692266621				3			[3, 24, 24, 3, 24, 3, 24, 3, 17, 3, 17, 3, 3, 3, 3]
378.692264955				4			[17, 29, 3, 17, 24, 29, 24, 17, 3, 3, 17, 24, 3, 17, 24]
378.692264955				4			[3, 3, 24, 3, 3, 29, 29, 17, 17, 17, 17, 17, 17, 24, 24]
378.692266621				3			[3, 3, 3, 3, 24, 3, 24, 3, 24, 3, 3, 3, 17, 24, 24]
378.692266621				3			[3, 3, 24, 3, 24, 3, 3, 3, 29, 24, 3, 3, 3, 24, 24]
378.692264955				4			[3, 3, 3, 3, 3, 3, 24, 3, 29, 3, 3, 3, 17, 24, 24]
378.692264955				4			[3, 24, 3, 3, 24, 3, 24, 3, 29, 24, 3, 3, 24, 17, 24]
378.692264955				4			[29, 3, 3, 17, 17, 3, 24, 3, 3, 24, 17, 3, 17, 17, 3]
378.692264955				4			[29, 3, 3, 3, 3, 17, 24, 24, 3, 3, 17, 3, 17, 17, 24]
378.692266621				3			[3, 17, 3, 3, 3, 17, 24, 3, 24, 24, 3, 3, 3, 3, 24]
378.692266621				3			[3, 17, 3, 3, 3, 3, 17, 3, 24, 24, 3, 17, 3, 3, 24]
378.692266621				3			[29, 3, 24, 3, 3, 3, 3, 24, 24, 24, 3, 3, 24, 24, 3]
378.692264955				4			[29, 17, 3, 24, 3, 3, 17, 3, 3, 3, 3, 17, 3, 3, 3]
378.692264955				4			[29, 17, 3, 24, 3, 3, 17, 3, 3, 3, 17, 3, 3, 3, 17]
378.692264955				4			[3, 17, 24, 3, 3, 3, 29, 24, 17, 24, 3, 3, 29, 3, 29]
378.692266621				3			[3, 3, 3, 24, 3, 3, 3, 3, 3, 3, 3, 17, 3, 3, 17]
378.692266621				3			[3, 3, 3, 24, 24, 3, 3, 3, 24, 3, 3, 17, 3, 24, 3]
378.692264955				4			[29, 17, 3, 17, 24, 3, 3, 3, 3, 3, 3, 3, 3, 3, 3]
378.692266621				3			[3, 17, 24, 3, 3, 3, 17, 3, 24, 3, 3, 24, 3, 3, 17]
378.692266621				3			[29, 17, 3, 3, 3, 3, 3, 3, 3, 3, 3, 3, 3, 3, 3]
378.692266621				3			[17, 3, 3, 3, 24, 3, 3, 3, 24, 24, 3, 24, 17, 3, 3]
378.692264955				4			[3, 17, 3, 3, 3, 3, 3, 3, 29, 17, 3, 24, 3, 3, 29]
378.692264955				4			[17, 17, 3, 3, 24, 24, 17, 3, 29, 3, 24, 24, 3, 3, 3]
378.692266621				3			[17, 17, 17, 17, 24, 3, 3, 3, 24, 3, 17, 24, 24, 3, 3]
378.692266621				3			[3, 17, 3, 3, 3, 3, 17, 3, 29, 3, 3, 3, 3, 3, 3]
378.692266621				3			[3, 17, 3, 3, 3, 29, 3, 3, 3, 3, 3, 3, 3, 3, 3]
378.692264955				4			[3, 17, 3, 3, 24, 3, 17, 3, 29, 3, 3, 3, 3, 3, 3]
378.692264955				4			[24, 17, 3, 17, 24, 17, 3, 29, 29, 17, 3, 24, 3, 3, 3]
378.692264955				4			[24, 3, 3, 17, 24, 3, 17, 3, 29, 17, 17, 24, 24, 17, 24]
378.692264955				4			[24, 17, 3, 3, 24, 17, 3, 3, 29, 24, 3, 24, 24, 17, 3]
378.692264955				4			[24, 3, 3, 17, 24, 17, 17, 3, 29, 24, 17, 24, 24, 24, 17]
378.692264955				4			[24, 17, 3, 3, 24, 17, 17, 17, 29, 24, 17, 24, 24, 17, 17]
378.692266621				3			[24, 17, 3, 24, 3, 17, 24, 3, 17, 17, 17, 3, 17, 3, 24]
378.692266621				3			[24, 17, 3, 17, 17, 17, 24, 17, 17, 17, 17, 3, 24, 17, 17]
378.692266621				3			[24, 3, 3, 3, 24, 3, 3, 3, 24, 3, 3, 29, 24, 24, 3]
378.692266621				3			[3, 24, 3, 17, 3, 3, 3, 3, 3, 17, 17, 3, 3, 17, 24]
378.692264955				4			[24, 24, 3, 3, 17, 17, 17, 17, 24, 17, 17, 29, 17, 24, 3]
378.692266621				3			[24, 17, 3, 3, 3, 24, 17, 3, 3, 17, 3, 17, 17, 3, 3]
378.692266621				3			[24, 17, 17, 3, 24, 24, 17, 17, 3, 17, 17, 17, 3, 3, 3]
378.692264955				4			[3, 3, 17, 24, 17, 17, 29, 17, 17, 17, 3, 17, 3, 17, 24]
378.692264955				4			[24, 17, 3, 3, 24, 17, 17, 17, 17, 17, 3, 29, 17, 17, 24]
378.692264955				4			[24, 3, 3, 17, 3, 24, 24, 24, 24, 17, 29, 17, 24, 3, 3]
378.692264955				4			[24, 24, 17, 3, 17, 24, 17, 3, 17, 17, 3, 29, 17, 24, 24]
378.692266621				3			[24, 17, 17, 24, 24, 24, 17, 17, 17, 3, 17, 17, 3, 24, 3]
378.692266621				3			[3, 3, 17, 24, 3, 24, 17, 3, 3, 17, 17, 17, 24, 3, 3]
378.692264955				4			[24, 17, 24, 3, 17, 24, 17, 17, 17, 29, 17, 3, 17, 17, 24]
378.692264955				4			[17, 24, 17, 3, 17, 24, 17, 17, 17, 29, 24, 17, 17, 17, 17]
378.692266621				3			[24, 24, 3, 24, 3, 24, 3, 3, 3, 17, 3, 3, 17, 3, 24]
378.692266621				3			[24, 3, 24, 24, 3, 24, 17, 17, 17, 17, 17, 3, 3, 3, 17]
378.692266621				3			[24, 24, 24, 24, 24, 24, 17, 17, 24, 3, 24, 17, 3, 17, 17]
378.692264955				4			[24, 3, 17, 24, 17, 3, 17, 3, 24, 29, 17, 17, 3, 24, 3]
378.692266621				3			[24, 3, 24, 24, 3, 17, 24, 17, 17, 17, 24, 17, 3, 3, 3]
378.692266621				3			[24, 24, 24, 17, 17, 24, 17, 24, 24, 3, 24, 17, 3, 17, 3]
378.692266621				3			[24, 3, 24, 24, 3, 17, 17, 17, 17, 3, 24, 17, 3, 3, 17]
378.692264955				4			[3, 3, 24, 17, 3, 3, 17, 17, 24, 29, 3, 3, 3, 3, 24]
378.692266621				3			[24, 3, 24, 3, 3, 17, 24, 3, 17, 17, 17, 17, 3, 3, 24]
378.692264955				4			[17, 3, 17, 17, 17, 17, 17, 24, 3, 29, 17, 3, 17, 3, 3]
378.692266621				3			[3, 3, 17, 3, 17, 3, 17, 3, 3, 24, 17, 17, 3, 3, 24]
378.692266621				3			[17, 3, 17, 3, 17, 17, 17, 3, 17, 29, 17, 17, 17, 3, 3]
378.692266621				3			[3, 17, 3, 17, 24, 24, 17, 24, 17, 3, 17, 17, 3, 24, 3]
378.692266621				3			[17, 3, 17, 3, 3, 17, 3, 3, 17, 29, 3, 17, 17, 3, 3]
378.692264955				4			[24, 3, 17, 3, 3, 17, 17, 3, 17, 29, 3, 17, 3, 3, 3]
378.692266621				3			[17, 3, 3, 24, 3, 17, 3, 3, 3, 3, 24, 17, 3, 3, 3]
378.692269955				2			[17, 3, 3, 3, 3, 17, 3, 3, 3, 3, 3, 17, 3, 17, 3]
378.692266621				3			[24, 3, 3, 3, 24, 3, 3, 3, 17, 3, 17, 17, 3, 17, 3]
378.692266621				3			[17, 3, 3, 3, 3, 17, 17, 3, 3, 24, 3, 17, 24, 17, 3]
378.692269955				2			[17, 3, 17, 3, 3, 3, 17, 3, 17, 3, 3, 17, 3, 3, 3]
378.692266621				3			[24, 24, 3, 24, 3, 24, 17, 3, 17, 3, 3, 17, 24, 17, 17]
378.692264955				4			[24, 3, 3, 3, 24, 3, 17, 3, 17, 3, 17, 24, 29, 3, 17]
378.692264955				4			[3, 3, 3, 3, 24, 3, 17, 3, 17, 17, 17, 29, 24, 3, 3]
378.692264955				4			[3, 17, 3, 3, 24, 3, 17, 3, 17, 3, 24, 29, 17, 17, 3]
378.692264955				4			[24, 3, 3, 3, 17, 3, 17, 17, 17, 17, 3, 29, 24, 3, 3]
378.692266621				3			[24, 3, 3, 3, 24, 3, 17, 3, 17, 17, 17, 24, 24, 3, 17]
378.692264955				4			[17, 17, 3, 3, 17, 3, 17, 29, 3, 17, 17, 3, 24, 17, 17]
378.692266621				3			[24, 3, 17, 24, 17, 3, 17, 17, 17, 17, 3, 17, 24, 17, 17]
378.692266621				3			[17, 17, 17, 3, 17, 17, 17, 29, 17, 17, 17, 3, 17, 3, 17]
378.692266621				3			[24, 3, 24, 3, 17, 3, 17, 17, 17, 17, 17, 17, 3, 24, 17]
378.692264955				4			[24, 24, 24, 17, 3, 3, 17, 3, 17, 17, 3, 29, 17, 3, 24]
378.692264955				4			[24, 24, 24, 17, 3, 3, 17, 24, 17, 17, 3, 29, 24, 3, 3]
378.692266621				3			[24, 17, 3, 24, 3, 24, 17, 17, 17, 17, 17, 3, 24, 24, 17]
378.692266621				3			[17, 24, 3, 24, 17, 24, 3, 17, 24, 17, 3, 17, 17, 24, 17]
378.692266621				3			[17, 17, 3, 24, 3, 17, 24, 17, 17, 17, 17, 3, 17, 17, 17]
378.692266621				3			[17, 17, 3, 24, 17, 3, 24, 17, 24, 24, 24, 17, 24, 24, 17]
378.692266621				3			[17, 3, 3, 24, 17, 24, 3, 3, 3, 3, 24, 17, 24, 24, 3]
378.692266621				3			[24, 17, 24, 24, 3, 24, 3, 3, 3, 3, 3, 24, 17, 24, 3]
378.692264955				4			[24, 24, 3, 24, 24, 17, 17, 3, 17, 17, 29, 24, 24, 17, 17]
378.692264955				4			[24, 17, 3, 3, 24, 17, 17, 17, 17, 17, 29, 24, 24, 17, 17]
378.692269955				2			[17, 24, 17, 17, 17, 24, 24, 24, 17, 24, 24, 17, 24, 17, 17]
378.692269955				2			[17, 24, 17, 17, 17, 24, 24, 24, 17, 24, 24, 24, 24, 17, 17]
378.692266621				3			[17, 24, 17, 17, 17, 24, 24, 3, 17, 24, 24, 3, 17, 17, 17]
378.692264955				4			[29, 3, 24, 24, 17, 24, 24, 24, 3, 3, 17, 29, 3, 17, 24]
378.692264955				4			[24, 3, 24, 29, 3, 24, 24, 17, 29, 24, 17, 3, 3, 17, 24]
378.692266621				3			[17, 17, 17, 17, 3, 24, 3, 3, 17, 24, 17, 17, 24, 24, 17]
378.692266621				3			[17, 24, 17, 17, 17, 17, 3, 3, 17, 3, 24, 17, 17, 17, 17]
378.692266621				3			[3, 3, 24, 17, 17, 24, 24, 17, 17, 3, 17, 24, 3, 24, 24]
378.692266621				3			[17, 24, 24, 17, 3, 17, 3, 3, 17, 24, 3, 17, 24, 17, 17]
378.692264955				4			[3, 24, 24, 17, 17, 3, 3, 24, 29, 3, 24, 17, 3, 3, 24]
378.692266621				3			[24, 3, 24, 17, 24, 3, 3, 24, 17, 3, 24, 24, 3, 24, 24]
378.692266621				3			[17, 24, 24, 3, 17, 17, 24, 24, 24, 3, 24, 17, 17, 24, 3]
378.692264955				4			[17, 24, 24, 17, 3, 24, 3, 24, 3, 3, 17, 24, 29, 24, 17]
378.692266621				3			[24, 24, 24, 3, 3, 24, 3, 3, 17, 3, 3, 24, 17, 17, 3]
378.692266621				3			[17, 17, 24, 3, 17, 24, 17, 24, 17, 3, 3, 24, 3, 17, 3]
378.692266621				3			[24, 17, 24, 17, 24, 17, 3, 3, 17, 3, 3, 17, 17, 17, 3]
378.692266621				3			[17, 17, 3, 3, 24, 24, 17, 17, 17, 3, 3, 17, 17, 3, 3]
378.692266621				3			[17, 17, 17, 17, 3, 24, 3, 3, 24, 3, 3, 3, 3, 17, 3]
378.692266621				3			[17, 17, 17, 24, 17, 24, 17, 24, 24, 3, 24, 17, 24, 3, 3]
378.692266621				3			[17, 17, 24, 24, 3, 17, 24, 24, 17, 24, 3, 17, 24, 17, 3]
378.692266621				3			[24, 24, 24, 17, 3, 17, 3, 17, 17, 3, 3, 17, 3, 3, 3]
378.692266621				3			[17, 17, 17, 3, 24, 17, 3, 24, 3, 17, 3, 17, 17, 17, 3]
378.692266621				3			[3, 17, 24, 3, 3, 17, 3, 24, 3, 3, 3, 3, 17, 24, 3]
378.692266621				3			[3, 3, 24, 24, 3, 24, 24, 17, 3, 24, 3, 17, 17, 3, 3]
378.692266621				3			[3, 17, 3, 24, 3, 3, 24, 24, 17, 17, 17, 3, 24, 17, 17]
378.692266621				3			[17, 17, 17, 17, 17, 17, 3, 24, 3, 3, 17, 3, 17, 3, 3]
378.692266621				3			[17, 17, 17, 24, 3, 24, 24, 17, 17, 3, 3, 24, 3, 3, 24]
378.692266621				3			[24, 17, 3, 3, 3, 24, 24, 24, 17, 24, 17, 3, 17, 17, 17]
378.692266621				3			[17, 3, 17, 24, 3, 17, 17, 24, 17, 24, 3, 3, 17, 3, 3]
378.692266621				3			[3, 3, 3, 24, 3, 24, 24, 24, 17, 3, 3, 24, 24, 3, 3]
378.692266621				3			[17, 3, 24, 24, 3, 17, 24, 24, 3, 24, 3, 3, 17, 3, 17]
378.692266621				3			[17, 3, 17, 24, 3, 17, 24, 17, 17, 3, 3, 3, 3, 3, 24]
378.692266621				3			[3, 3, 24, 3, 17, 17, 24, 3, 17, 3, 3, 3, 17, 24, 24]
378.692266621				3			[17, 17, 17, 3, 3, 24, 3, 24, 17, 24, 3, 17, 17, 3, 3]
378.692266621				3			[17, 24, 17, 3, 3, 17, 3, 17, 17, 24, 3, 24, 17, 17, 3]
378.692266621				3			[17, 3, 3, 3, 3, 3, 3, 24, 17, 3, 24, 3, 3, 3, 24]
378.692266621				3			[17, 24, 17, 24, 3, 3, 24, 24, 17, 3, 17, 17, 17, 17, 3]
378.692266621				3			[17, 24, 17, 24, 17, 3, 24, 17, 17, 17, 17, 17, 3, 17, 3]
378.692266621				3			[24, 24, 17, 24, 17, 3, 24, 24, 24, 3, 24, 3, 24, 24, 3]
378.692266621				3			[17, 3, 24, 3, 24, 3, 17, 24, 24, 3, 17, 24, 3, 17, 3]
378.692266621				3			[17, 24, 17, 17, 24, 3, 24, 24, 24, 3, 24, 17, 17, 24, 17]
378.692266621				3			[24, 24, 17, 17, 17, 3, 24, 17, 24, 3, 17, 24, 17, 24, 17]
378.692266621				3			[3, 3, 17, 3, 24, 3, 3, 24, 3, 3, 3, 3, 17, 24, 17]
378.692266621				3			[3, 3, 17, 3, 24, 3, 24, 24, 24, 3, 17, 3, 17, 3, 17]
378.692266621				3			[24, 24, 17, 17, 24, 3, 3, 24, 24, 3, 3, 24, 17, 17, 17]
