------->classification based kmeanstakes0.0618188381195s to be finished
------->classification based kmeanstakes0.213227987289s to be finished
------->classification based kmeanstakes0.440151929855s to be finished
------->classification based kmeanstakes0.200926065445s to be finished
------->classification based kmeanstakes0.24368596077s to be finished
------->classification based kmeanstakes0.24320602417s to be finished
------->classification based kmeanstakes0.264495134354s to be finished
------->classification based kmeanstakes0.2784678936s to be finished
------->classification based kmeanstakes0.517342090607s to be finished
------->classification based kmeanstakes0.301805973053s to be finished
------->classification based kmeanstakes0.572700977325s to be finished
------->classification based kmeanstakes0.584197044373s to be finished
------->classification based kmeanstakes0.801933050156s to be finished
------->classification based kmeanstakes0.455389976501s to be finished
------->classification based kmeanstakes0.479667901993s to be finished
------->classification based kmeanstakes0.716784000397s to be finished
------->classification based kmeanstakes0.409889936447s to be finished
------->classification based kmeanstakes0.369987010956s to be finished
------->classification based kmeanstakes0.409466028214s to be finished
------->classification based kmeanstakes0.36133313179s to be finished
------->classification based kmeanstakes0.481153011322s to be finished
------->classification based kmeanstakes0.407415151596s to be finished
------->classification based kmeanstakes0.362008094788s to be finished
------->classification based kmeanstakes0.945755004883s to be finished
------->classification based kmeanstakes0.478213071823s to be finished
------->classification based kmeanstakes0.482072114944s to be finished
------->classification based kmeanstakes0.356151103973s to be finished
------->classification based kmeanstakes1.2314119339s to be finished
------->classification based kmeanstakes0.277440071106s to be finished
------->classification based kmeanstakes0.473676919937s to be finished
------->classification based kmeanstakes0.394999027252s to be finished
------->classification based kmeanstakes0.540891170502s to be finished
------->classification based kmeanstakes0.382501125336s to be finished
------->classification based kmeanstakes0.891884088516s to be finished
------->classification based kmeanstakes0.355672121048s to be finished
------->classification based kmeanstakes0.795993804932s to be finished
------->classification based kmeanstakes1.00818896294s to be finished
------->classification based kmeanstakes0.508101940155s to be finished
------->classification based kmeanstakes0.235244989395s to be finished
------->classification based kmeanstakes1.56449484825s to be finished
------->classification based kmeanstakes0.462306022644s to be finished
------->classification based kmeanstakes0.35384106636s to be finished
------->classification based kmeanstakes1.15652990341s to be finished
------->classification based kmeanstakes0.727608919144s to be finished
------->classification based kmeanstakes0.525659799576s to be finished
------->classification based kmeanstakes0.745379924774s to be finished
------->classification based kmeanstakes0.410790920258s to be finished
------->classification based kmeanstakes0.343064069748s to be finished
------->classification based kmeanstakes0.241069793701s to be finished
------->classification based kmeanstakes0.392791986465s to be finished
------->classification based kmeanstakes0.706138134003s to be finished
------->classification based kmeanstakes0.428438901901s to be finished
------->classification based kmeanstakes0.59568810463s to be finished
------->classification based kmeanstakes0.705180168152s to be finished
------->classification based kmeanstakes0.345911979675s to be finished
------->classification based kmeanstakes0.666270017624s to be finished
------->classification based kmeanstakes0.362546920776s to be finished
------->classification based kmeanstakes0.180894136429s to be finished
------->classification based kmeanstakes0.227869987488s to be finished
------->classification based kmeanstakes0.175187110901s to be finished
------->classification based kmeanstakes0.209487915039s to be finished
------->classification based kmeanstakes0.23493885994s to be finished
------->classification based kmeanstakes0.35786986351s to be finished
------->classification based kmeanstakes0.211833953857s to be finished
------->classification based kmeanstakes0.241676092148s to be finished
------->classification based kmeanstakes0.302648067474s to be finished
------->classification based kmeanstakes0.203677892685s to be finished
------->classification based kmeanstakes0.152445077896s to be finished
------->classification based kmeanstakes0.0852780342102s to be finished
------->classification based kmeanstakes0.122916936874s to be finished
------->classification based kmeanstakes0.0813710689545s to be finished
------->classification based kmeanstakes0.084235906601s to be finished
------->classification based kmeanstakes0.130906105042s to be finished
------->classification based kmeanstakes0.101628065109s to be finished
------->classification based kmeanstakes0.220552921295s to be finished
------->classification based kmeanstakes0.0784847736359s to be finished
------->classification based kmeanstakes0.104813814163s to be finished
------->classification based kmeanstakes0.0642631053925s to be finished
------->classification based kmeanstakes0.0745902061462s to be finished
------->classification based kmeanstakes0.0852029323578s to be finished
------->classification based kmeanstakes0.106061935425s to be finished
------->classification based kmeanstakes0.107039928436s to be finished
------->classification based kmeanstakes0.121401071548s to be finished
------->classification based kmeanstakes0.0889921188354s to be finished
------->classification based kmeanstakes0.128681182861s to be finished
------->classification based kmeanstakes0.190752029419s to be finished
------->classification based kmeanstakes0.095495223999s to be finished
------->classification based kmeanstakes0.129925966263s to be finished
------->classification based kmeanstakes0.116589784622s to be finished
------->classification based kmeanstakes0.136486053467s to be finished
------->classification based kmeanstakes0.0760099887848s to be finished
------->classification based kmeanstakes0.185774087906s to be finished
------->classification based kmeanstakes0.0971441268921s to be finished
------->classification based kmeanstakes0.106601953506s to be finished
------->classification based kmeanstakes0.0813558101654s to be finished
------->classification based kmeanstakes0.0885560512543s to be finished
------->classification based kmeanstakes0.0499730110168s to be finished
------->classification based kmeanstakes0.113517999649s to be finished
------->classification based kmeanstakes0.0772531032562s to be finished
------->classification based kmeanstakes0.062716960907s to be finished
------->classification based kmeanstakes0.0784850120544s to be finished
------->classification based kmeanstakes0.125286102295s to be finished
------->classification based kmeanstakes0.0669031143188s to be finished
------->classification based kmeanstakes0.136936187744s to be finished
------->classification based kmeanstakes0.0819630622864s to be finished
------->classification based kmeanstakes0.0720119476318s to be finished
------->classification based kmeanstakes0.162410974503s to be finished
------->classification based kmeanstakes0.0965850353241s to be finished
------->classification based kmeanstakes0.0248329639435s to be finished
------->classification based kmeanstakes0.0434670448303s to be finished
------->classification based kmeanstakes0.0222911834717s to be finished
------->classification based kmeanstakes0.071212053299s to be finished
------->classification based kmeanstakes0.0340769290924s to be finished
------->classification based kmeanstakes0.0263438224792s to be finished
------->classification based kmeanstakes0.0404078960419s to be finished
------->classification based kmeanstakes0.0318970680237s to be finished
------->classification based kmeanstakes0.0519688129425s to be finished
------->classification based kmeanstakes0.0233960151672s to be finished
------->classification based kmeanstakes0.0182490348816s to be finished
------->classification based kmeanstakes0.0312178134918s to be finished
------->classification based kmeanstakes0.0376060009003s to be finished
------->classification based kmeanstakes0.0265419483185s to be finished
------->classification based kmeanstakes0.0264430046082s to be finished
------->classification based kmeanstakes0.0311391353607s to be finished
------->classification based kmeanstakes0.0280749797821s to be finished
------->classification based kmeanstakes0.0339529514313s to be finished
------->classification based kmeanstakes0.0153541564941s to be finished
------->classification based kmeanstakes0.0229799747467s to be finished
------->classification based kmeanstakes0.0112309455872s to be finished
------->classification based kmeanstakes0.0189099311829s to be finished
------->classification based kmeanstakes0.0207450389862s to be finished
------->classification based kmeanstakes0.0152108669281s to be finished
------->classification based kmeanstakes0.0264599323273s to be finished
------->classification based kmeanstakes0.0446870326996s to be finished
------->classification based kmeanstakes0.0266740322113s to be finished
------->classification based kmeanstakes0.0365030765533s to be finished
------->classification based kmeanstakes0.0226171016693s to be finished
------->classification based kmeanstakes0.0246820449829s to be finished
------->classification based kmeanstakes0.0161778926849s to be finished
------->classification based kmeanstakes0.0310509204865s to be finished
------->classification based kmeanstakes0.0236480236053s to be finished
------->classification based kmeanstakes0.0288598537445s to be finished
------->classification based kmeanstakes0.0216391086578s to be finished
------->classification based kmeanstakes0.0214869976044s to be finished
------->classification based kmeanstakes0.0710799694061s to be finished
------->classification based kmeanstakes0.0570650100708s to be finished
------->classification based kmeanstakes0.0351619720459s to be finished
------->classification based kmeanstakes0.0250499248505s to be finished
------->classification based kmeanstakes0.0431711673737s to be finished
------->classification based kmeanstakes0.0395879745483s to be finished
------->classification based clustering genetic methodtakes74.2354679108s to be finished
------->kmeans in totaltakes37.2857964039s to be finished
------->non-classification based kmeanstakes0.0507938861847s to be finished
------->non-classification based kmeanstakes0.283583879471s to be finished
------->non-classification based kmeanstakes0.250678062439s to be finished
------->non-classification based kmeanstakes0.532394886017s to be finished
------->non-classification based kmeanstakes0.246320962906s to be finished
------->non-classification based kmeanstakes0.134544849396s to be finished
------->non-classification based kmeanstakes0.188808202744s to be finished
------->non-classification based kmeanstakes0.349142789841s to be finished
------->non-classification based kmeanstakes0.188590049744s to be finished
------->non-classification based kmeanstakes0.271489858627s to be finished
------->non-classification based kmeanstakes0.713058948517s to be finished
------->non-classification based kmeanstakes0.558444023132s to be finished
------->non-classification based kmeanstakes0.676849126816s to be finished
------->non-classification based kmeanstakes0.336650848389s to be finished
------->non-classification based kmeanstakes0.577152967453s to be finished
------->non-classification based kmeanstakes0.259617090225s to be finished
------->non-classification based kmeanstakes0.324012041092s to be finished
------->non-classification based kmeanstakes0.737492084503s to be finished
------->non-classification based kmeanstakes0.603327989578s to be finished
------->non-classification based kmeanstakes0.352146148682s to be finished
------->non-classification based kmeanstakes0.76061797142s to be finished
------->non-classification based kmeanstakes0.517243862152s to be finished
------->non-classification based kmeanstakes0.477924108505s to be finished
------->non-classification based kmeanstakes0.4460709095s to be finished
------->non-classification based kmeanstakes0.44651889801s to be finished
------->non-classification based kmeanstakes0.361315011978s to be finished
------->non-classification based kmeanstakes0.72758603096s to be finished
------->non-classification based kmeanstakes0.516966104507s to be finished
------->non-classification based kmeanstakes0.509479999542s to be finished
------->non-classification based kmeanstakes0.55388212204s to be finished
------->non-classification based kmeanstakes0.393692016602s to be finished
------->non-classification based kmeanstakes0.350317001343s to be finished
------->non-classification based kmeanstakes0.306578874588s to be finished
------->non-classification based kmeanstakes0.513320922852s to be finished
------->non-classification based kmeanstakes0.507082939148s to be finished
------->non-classification based kmeanstakes0.514671087265s to be finished
------->non-classification based kmeanstakes0.51220202446s to be finished
------->non-classification based kmeanstakes0.39653801918s to be finished
------->non-classification based kmeanstakes0.552680969238s to be finished
------->non-classification based kmeanstakes0.477433919907s to be finished
------->non-classification based kmeanstakes1.0153260231s to be finished
------->non-classification based kmeanstakes0.589869022369s to be finished
------->non-classification based kmeanstakes0.427700996399s to be finished
------->non-classification based kmeanstakes0.388217926025s to be finished
------->non-classification based kmeanstakes0.432456016541s to be finished
------->non-classification based kmeanstakes0.58505487442s to be finished
------->non-classification based kmeanstakes0.624330997467s to be finished
------->non-classification based kmeanstakes0.42933511734s to be finished
------->non-classification based kmeanstakes0.314111948013s to be finished
------->non-classification based kmeanstakes1.02594900131s to be finished
------->non-classification based kmeanstakes0.500019073486s to be finished
------->non-classification based kmeanstakes0.709331035614s to be finished
------->non-classification based kmeanstakes0.510508060455s to be finished
------->non-classification based kmeanstakes1.04225301743s to be finished
------->non-classification based kmeanstakes0.507985830307s to be finished
------->non-classification based kmeanstakes0.510657072067s to be finished
------->non-classification based kmeanstakes0.232499837875s to be finished
------->non-classification based kmeanstakes0.660293102264s to be finished
------->non-classification based kmeanstakes0.717579841614s to be finished
------->non-classification based kmeanstakes0.478067159653s to be finished
------->non-classification based kmeanstakes0.675206184387s to be finished
------->non-classification based kmeanstakes0.272725820541s to be finished
------->non-classification based kmeanstakes0.594459056854s to be finished
------->non-classification based kmeanstakes0.347445011139s to be finished
------->non-classification based kmeanstakes0.623940944672s to be finished
------->non-classification based kmeanstakes0.475550889969s to be finished
------->non-classification based kmeanstakes0.790405988693s to be finished
------->non-classification based kmeanstakes0.532390117645s to be finished
------->non-classification based kmeanstakes0.458685874939s to be finished
------->non-classification based kmeanstakes0.546895027161s to be finished
------->non-classification based kmeanstakes0.383023023605s to be finished
------->non-classification based kmeanstakes0.630825996399s to be finished
------->non-classification based kmeanstakes0.432469844818s to be finished
------->non-classification based kmeanstakes0.814080953598s to be finished
------->non-classification based kmeanstakes0.469813108444s to be finished
------->non-classification based kmeanstakes0.27193403244s to be finished
------->non-classification based kmeanstakes0.430498838425s to be finished
------->non-classification based kmeanstakes0.585623979568s to be finished
------->non-classification based kmeanstakes0.583292007446s to be finished
------->non-classification based kmeanstakes1.26124501228s to be finished
------->non-classification based kmeanstakes0.464370012283s to be finished
------->non-classification based kmeanstakes0.825645923615s to be finished
------->non-classification based kmeanstakes0.352402925491s to be finished
------->non-classification based kmeanstakes0.388772010803s to be finished
------->non-classification based kmeanstakes0.697504043579s to be finished
------->non-classification based kmeanstakes0.353054046631s to be finished
------->non-classification based kmeanstakes0.391673088074s to be finished
------->non-classification based kmeanstakes0.63441991806s to be finished
------->non-classification based kmeanstakes0.466053962708s to be finished
------->non-classification based kmeanstakes1.26220178604s to be finished
------->non-classification based kmeanstakes0.37274813652s to be finished
------->non-classification based kmeanstakes0.698506832123s to be finished
------->non-classification based kmeanstakes0.606132984161s to be finished
------->non-classification based kmeanstakes0.569104194641s to be finished
------->non-classification based kmeanstakes1.12953615189s to be finished
------->non-classification based kmeanstakes0.413094043732s to be finished
------->non-classification based kmeanstakes0.349255084991s to be finished
------->non-classification based kmeanstakes0.500365972519s to be finished
------->non-classification based kmeanstakes0.346527099609s to be finished
------->non-classification based kmeanstakes0.387398004532s to be finished
------->non-classification based kmeanstakes0.583391904831s to be finished
------->non-classification based kmeanstakes0.351294994354s to be finished
------->non-classification based kmeanstakes0.54399394989s to be finished
------->non-classification based kmeanstakes0.428777933121s to be finished
------->non-classification based kmeanstakes0.749392032623s to be finished
------->non-classification based kmeanstakes0.270113945007s to be finished
------->non-classification based kmeanstakes0.584566116333s to be finished
------->non-classification based kmeanstakes0.779815912247s to be finished
------->non-classification based kmeanstakes0.423533916473s to be finished
------->non-classification based kmeanstakes0.587254047394s to be finished
------->non-classification based kmeanstakes0.659910917282s to be finished
------->non-classification based kmeanstakes0.588885068893s to be finished
------->non-classification based kmeanstakes0.191430091858s to be finished
------->non-classification based kmeanstakes0.268826961517s to be finished
------->non-classification based kmeanstakes0.389380216599s to be finished
------->non-classification based kmeanstakes0.34999704361s to be finished
------->non-classification based kmeanstakes0.736316919327s to be finished
------->non-classification based kmeanstakes0.46678686142s to be finished
------->non-classification based kmeanstakes0.533713817596s to be finished
------->non-classification based kmeanstakes0.745458126068s to be finished
------->non-classification based kmeanstakes0.302673101425s to be finished
------->non-classification based kmeanstakes0.231107234955s to be finished
------->non-classification based kmeanstakes0.618999004364s to be finished
------->non-classification based kmeanstakes0.332943916321s to be finished
------->non-classification based kmeanstakes0.420971870422s to be finished
------->non-classification based kmeanstakes0.307193994522s to be finished
------->non-classification based kmeanstakes0.424826860428s to be finished
------->non-classification based kmeanstakes0.456516027451s to be finished
------->non-classification based kmeanstakes0.656545162201s to be finished
------->non-classification based kmeanstakes0.458757162094s to be finished
------->non-classification based kmeanstakes0.350739002228s to be finished
------->non-classification based kmeanstakes0.266535997391s to be finished
------->non-classification based kmeanstakes1.14141798019s to be finished
------->non-classification based kmeanstakes0.542150974274s to be finished
------->non-classification based kmeanstakes0.427927970886s to be finished
------->non-classification based kmeanstakes0.695218086243s to be finished
------->non-classification based kmeanstakes0.697978019714s to be finished
------->non-classification based kmeanstakes0.266431808472s to be finished
------->non-classification based kmeanstakes0.647101163864s to be finished
------->non-classification based kmeanstakes0.858439922333s to be finished
------->non-classification based kmeanstakes0.427225112915s to be finished
------->non-classification based kmeanstakes0.381613969803s to be finished
------->non-classification based kmeanstakes0.421339035034s to be finished
------->non-classification based kmeanstakes0.828659057617s to be finished
------->non-classification based kmeanstakes0.703984022141s to be finished
------->non-classification based kmeanstakes0.459320068359s to be finished
------->non-classification based kmeanstakes0.829446792603s to be finished
------->non-classification based kmeanstakes0.686642885208s to be finished
------->non-classification based kmeanstakes0.455431938171s to be finished
------->non-classification based kmeanstakes0.735451936722s to be finished
------->cluterting genetic methodtakes112.558399916s to be finished
------->kmeans in totaltakes77.8344762325s to be finished
